A D/Align////
A D/AlignIO////
A D/AnnSeqIO////
A D/Annotation////
A D/Assembly////
A D/Biblio////
A D/Cluster////
A D/ClusterIO////
A D/CodonUsage////
A D/Coordinate////
A D/DB////
A D/Das////
A D/Event////
A D/Expression////
A D/Factory////
A D/FeatureIO////
A D/Graph////
A D/Graphics////
A D/Index////
A D/LiveSeq////
A D/Location////
A D/Map////
A D/MapIO////
A D/Matrix////
A D/Microarray////
A D/MolEvol////
A D/Ontology////
A D/OntologyIO////
A D/Phenotype////
A D/PhyloNetwork////
A D/PopGen////
A D/Population////
A D/Restriction////
A D/Root////
A D/Search////
A D/SearchIO////
A D/Seq////
A D/SeqEvolution////
A D/SeqFeature////
A D/SeqFeatureProducer////
A D/SeqIO////
A D/Structure////
A D/Symbol////
A D/Taxonomy////
A D/Tools////
A D/Tree////
A D/TreeIO////
A D/Variation////
R D/SeqFeatureProducer////
R D/SeqEvolution////
R D/Restriction////
R D/Population////
R D/PopGen////
R D/PhyloNetwork////
R D/MolEvol////
R D/Microarray////
R D/Graph////
R D/FeatureIO////
R D/CodonUsage////
R D/AnnSeqIO////
