A D/Bio-DB-GFF////
A D/align////
A D/biblio////
A D/biographics////
A D/blast////
A D/cluster////
A D/contributed////
A D/db////
A D/exceptions////
A D/liveseq////
A D/ontology////
A D/pise////
A D/popgen////
A D/quality////
A D/root////
A D/root_object////
A D/searchio////
A D/seq////
A D/sirna////
A D/structure////
A D/tk////
A D/tools////
A D/tree////
R D/tree////
R D/tools////
R D/tk////
R D/structure////
R D/sirna////
R D/seq////
R D/root_object////
R D/root////
R D/quality////
R D/popgen////
R D/pise////
R D/liveseq////
R D/exceptions////
R D/db////
R D/contributed////
R D/cluster////
R D/blast////
R D/biblio////
R D/align////
R D/Bio-DB-GFF////
