This is pdfeTeX, Version 3.141592-1.21a-2.2 (Web2C 7.5.4) (format=pdflatex 2013.4.5)  26 FEB 2014 15:35
entering extended mode
**Manual.tex
(./Manual.tex
LaTeX2e <2003/12/01>
Babel <v3.8d> and hyphenation patterns for american, french, german, ngerman, b
ahasa, basque, bulgarian, catalan, croatian, czech, danish, dutch, esperanto, e
stonian, finnish, greek, icelandic, irish, italian, latin, magyar, norsk, polis
h, portuges, romanian, russian, serbian, slovak, slovene, spanish, swedish, tur
kish, ukrainian, nohyphenation, loaded.
(/usr/share/texmf/tex/latex/base/article.cls
Document Class: article 2004/02/16 v1.4f Standard LaTeX document class
(/usr/share/texmf/tex/latex/base/size10.clo
File: size10.clo 2004/02/16 v1.4f Standard LaTeX file (size option)
)
\c@part=\count79
\c@section=\count80
\c@subsection=\count81
\c@subsubsection=\count82
\c@paragraph=\count83
\c@subparagraph=\count84
\c@figure=\count85
\c@table=\count86
\abovecaptionskip=\skip41
\belowcaptionskip=\skip42
\bibindent=\dimen102
)
(/usr/share/texmf/tex/latex/hyperref/hyperref.sty
Package: hyperref 2003/11/30 v6.74m Hypertext links for LaTeX

(/usr/share/texmf/tex/latex/graphics/keyval.sty
Package: keyval 1999/03/16 v1.13 key=value parser (DPC)
\KV@toks@=\toks14
)
\@linkdim=\dimen103
\Hy@linkcounter=\count87
\Hy@pagecounter=\count88

(/usr/share/texmf/tex/latex/hyperref/pd1enc.def
File: pd1enc.def 2003/11/30 v6.74m Hyperref: PDFDocEncoding definition (HO)
)
(/usr/share/texmf/tex/latex/hyperref/hyperref.cfg
File: hyperref.cfg 2002/06/06 v1.2 hyperref configuration of TeXLive and teTeX
)
Package hyperref Info: Option `colorlinks' set `true' on input line 1830.
Package hyperref Info: Hyper figures OFF on input line 1880.
Package hyperref Info: Link nesting OFF on input line 1885.
Package hyperref Info: Hyper index ON on input line 1888.
Package hyperref Info: Plain pages ON on input line 1893.
Package hyperref Info: Backreferencing OFF on input line 1900.

Implicit mode ON; LaTeX internals redefined
Package hyperref Info: Bookmarks ON on input line 2004.
(/usr/share/texmf/tex/latex/url/url.sty
\Urlmuskip=\muskip10
Package: url 2004/03/15  ver 3.1  Verb mode for urls, etc.
)
LaTeX Info: Redefining \url on input line 2143.
\Fld@menulength=\count89
\Field@Width=\dimen104
\Fld@charsize=\dimen105
\Choice@toks=\toks15
\Field@toks=\toks16
Package hyperref Info: Hyper figures OFF on input line 2618.
Package hyperref Info: Link nesting OFF on input line 2623.
Package hyperref Info: Hyper index ON on input line 2626.
Package hyperref Info: backreferencing OFF on input line 2633.
Package hyperref Info: Link coloring ON on input line 2636.
\c@Item=\count90
\c@Hfootnote=\count91
)
*hyperref using driver hpdftex*
(/usr/share/texmf/tex/latex/hyperref/hpdftex.def
File: hpdftex.def 2003/11/30 v6.74m Hyperref driver for pdfTeX

(/usr/share/texmf/tex/latex/psnfss/pifont.sty
Package: pifont 2004/09/15 PSNFSS-v9.2 Pi font support (SPQR) 
LaTeX Font Info:    Try loading font information for U+pzd on input line 63.

(/usr/share/texmf/tex/latex/psnfss/upzd.fd
File: upzd.fd 2001/06/04 font definitions for U/pzd.
)
LaTeX Font Info:    Try loading font information for U+psy on input line 64.

(/usr/share/texmf/tex/latex/psnfss/upsy.fd
File: upsy.fd 2001/06/04 font definitions for U/psy.
))
\Fld@listcount=\count92
\@outlinefile=\write3
)
(/usr/share/texmf/tex/latex/graphics/graphicx.sty
Package: graphicx 1999/02/16 v1.0f Enhanced LaTeX Graphics (DPC,SPQR)

(/usr/share/texmf/tex/latex/graphics/graphics.sty
Package: graphics 2001/07/07 v1.0n Standard LaTeX Graphics (DPC,SPQR)

(/usr/share/texmf/tex/latex/graphics/trig.sty
Package: trig 1999/03/16 v1.09 sin cos tan (DPC)
)
(/usr/share/texmf/tex/latex/graphics/graphics.cfg
File: graphics.cfg 2005/02/03 v1.3 graphics configuration of teTeX/TeXLive
)
Package graphics Info: Driver file: pdftex.def on input line 80.

(/usr/share/texmf/tex/latex/graphics/pdftex.def
File: pdftex.def 2002/06/19 v0.03k graphics/color for pdftex
\Gread@gobject=\count93
))
\Gin@req@height=\dimen106
\Gin@req@width=\dimen107
) (./Manual.aux)
\openout1 = `Manual.aux'.

LaTeX Font Info:    Checking defaults for OML/cmm/m/it on input line 7.
LaTeX Font Info:    ... okay on input line 7.
LaTeX Font Info:    Checking defaults for T1/cmr/m/n on input line 7.
LaTeX Font Info:    ... okay on input line 7.
LaTeX Font Info:    Checking defaults for OT1/cmr/m/n on input line 7.
LaTeX Font Info:    ... okay on input line 7.
LaTeX Font Info:    Checking defaults for OMS/cmsy/m/n on input line 7.
LaTeX Font Info:    ... okay on input line 7.
LaTeX Font Info:    Checking defaults for OMX/cmex/m/n on input line 7.
LaTeX Font Info:    ... okay on input line 7.
LaTeX Font Info:    Checking defaults for U/cmr/m/n on input line 7.
LaTeX Font Info:    ... okay on input line 7.
LaTeX Font Info:    Checking defaults for PD1/pdf/m/n on input line 7.
LaTeX Font Info:    ... okay on input line 7.

(/usr/share/texmf/tex/latex/graphics/color.sty
Package: color 1999/02/16 v1.0i Standard LaTeX Color (DPC)

(/usr/share/texmf/tex/latex/graphics/color.cfg
File: color.cfg 2005/02/03 v1.3 color configuration of teTeX/TeXLive
)
Package color Info: Driver file: pdftex.def on input line 125.
)
Package hyperref Info: Link coloring ON on input line 7.

(/usr/share/texmf/tex/latex/hyperref/nameref.sty
Package: nameref 2003/12/03 v2.21 Cross-referencing by name of section
\c@section@level=\count94
)
LaTeX Info: Redefining \ref on input line 7.
LaTeX Info: Redefining \pageref on input line 7.
 (./Manual.out) (./Manual.out)
\openout3 = `Manual.out'.

(/usr/share/texmf/tex/context/base/supp-pdf.tex
(/usr/share/texmf/tex/context/base/supp-mis.tex
loading : Context Support Macros / Miscellaneous (2004.10.26)
\protectiondepth=\count95
\scratchcounter=\count96
\scratchtoks=\toks17
\scratchdimen=\dimen108
\scratchskip=\skip43
\scratchmuskip=\muskip11
\scratchbox=\box26
\scratchread=\read1
\scratchwrite=\write4
\zeropoint=\dimen109
\onepoint=\dimen110
\onebasepoint=\dimen111
\minusone=\count97
\thousandpoint=\dimen112
\onerealpoint=\dimen113
\emptytoks=\toks18
\nextbox=\box27
\nextdepth=\dimen114
\everyline=\toks19
\!!counta=\count98
\!!countb=\count99
\recursecounter=\count100
)
loading : Context Support Macros / PDF (2004.03.26)
\nofMPsegments=\count101
\nofMParguments=\count102
\MPscratchCnt=\count103
\MPscratchDim=\dimen115
\MPnumerator=\count104
\everyMPtoPDFconversion=\toks20
)
LaTeX Font Info:    External font `cmex10' loaded for size
(Font)              <12> on input line 15.
LaTeX Font Info:    External font `cmex10' loaded for size
(Font)              <8> on input line 15.
LaTeX Font Info:    External font `cmex10' loaded for size
(Font)              <6> on input line 15.
 (./Manual.toc
LaTeX Font Info:    External font `cmex10' loaded for size
(Font)              <7> on input line 3.
LaTeX Font Info:    External font `cmex10' loaded for size
(Font)              <5> on input line 3.
 [1

{/usr/share/texmf-var/fonts/map/pdftex/updmap/pdftex.map}])
\tf@toc=\write5
\openout5 = `Manual.toc'.


[2]
Overfull \hbox (11.99689pt too wide) in paragraph at lines 59--59
[]\OT1/cmtt/m/n/10 (Final graph has 16 nodes and n50 of 24184, max 44966, total
 100080,[] 
 []


Overfull \hbox (22.4968pt too wide) in paragraph at lines 59--59
[]\OT1/cmtt/m/n/10 > ./velvetg sillyDirectory -cov_cutoff 5 -read_trkg yes -amo
s_file yes[] 
 []


Overfull \hbox (1.49698pt too wide) in paragraph at lines 59--59
[]\OT1/cmtt/m/n/10 (Final graph has 1 nodes and n50 of 99975, max 99975, total 
99975,[] 
 []


Overfull \hbox (1.49698pt too wide) in paragraph at lines 59--59
[]\OT1/cmtt/m/n/10 (Final graph has 1 nodes and n50 of 99975, max 99975, total 
99975,[] 
 []


Overfull \hbox (11.99689pt too wide) in paragraph at lines 59--59
[]\OT1/cmtt/m/n/10 (Final graph has 12 nodes and n50 of 99975, max 99975, total
 100165,[] 
 []


Overfull \hbox (1.49698pt too wide) in paragraph at lines 59--59
[]\OT1/cmtt/m/n/10 (Final graph has 1 nodes and n50 of 99975, max 99975, total 
99975,[] 
 []


Overfull \hbox (69.74638pt too wide) in paragraph at lines 59--59
[]\OT1/cmtt/m/n/10 > ./velveth sillyDirectory 21 -short data/test_reads.fa -lon
g data/test_long.fa[] 
 []


Overfull \hbox (11.99689pt too wide) in paragraph at lines 59--59
[]\OT1/cmtt/m/n/10 (Final graph has 10 nodes and n50 of 80927, max 80927, total
 100122,[] 
 []


Overfull \hbox (1.49698pt too wide) in paragraph at lines 59--59
[]\OT1/cmtt/m/n/10 (Final graph has 1 nodes and n50 of 99975, max 99975, total 
99975,[] 
 []

[3] [4]
Overfull \hbox (9.77472pt too wide) in paragraph at lines 159--161
\OT1/cmr/m/n/10 ma-chine. You might have to set the en-vi-ron-ment vari-ables O
MP[]NUM[]THREADS
 []


Overfull \hbox (11.18709pt too wide) in paragraph at lines 159--161
\OT1/cmr/m/n/10 and OMP[]THREAD[]LIMIT. Vel-vet will the use up to $\OML/cmm/m/
it/10 OMP[]NUM[]THREADS \OT1/cmr/m/n/10 +
 []


Overfull \hbox (16.93419pt too wide) in paragraph at lines 159--161
[][]\OT1/cmr/m/n/10 http://www.ats.ucla.edu/clusters/common/computing/parallel/
using[]openmp.htm[][] 
 []

[5] [6]
Overfull \hbox (101.24611pt too wide) in paragraph at lines 223--223
[]\OT1/cmtt/m/n/10 > ./velveth output_directory/ 21 -fasta -short solexa1.fa so
lexa2.fa solexa3.fa -long[] 
 []


Overfull \hbox (17.24684pt too wide) in paragraph at lines 241--241
[]\OT1/cmtt/m/n/10 > velveth directory 21 -fastq other_reads.fastq -fasta selec
ted_reads[] 
 []


Overfull \hbox (11.99689pt too wide) in paragraph at lines 248--248
[]\OT1/cmtt/m/n/10 > myprogram | velveth directory 21 -fastq other_reads.fastq 
-fasta -[] 
 []


Overfull \hbox (11.99689pt too wide) in paragraph at lines 256--256
[]\OT1/cmtt/m/n/10 > ./velveth output_directory/ 21 (...data files...) -strand_
specific[] 
 []

[7] [8]
Overfull \hbox (43.49661pt too wide) in paragraph at lines 341--341
[]\OT1/cmtt/m/n/10 > ./velvetg output_directory/ -max_coverage 300 (... other p
arameters ...)[] 
 []


Overfull \hbox (11.99689pt too wide) in paragraph at lines 362--362
[]\OT1/cmtt/m/n/10 > ./velvetg output_directory/ -exp_cov 19 (... other paramet
ers ...)[] 
 []

[9]
Overfull \hbox (22.4968pt too wide) in paragraph at lines 368--368
[]\OT1/cmtt/m/n/10 > ./velvetg output_directory/ -exp_cov auto (... other param
eters ...)[] 
 []


Overfull \hbox (22.4968pt too wide) in paragraph at lines 406--406
[]\OT1/cmtt/m/n/10 > ./velvetg output_directory/ -exp_cov auto (... other param
eters ...)[] 
 []

[10] [11]
Overfull \hbox (32.9967pt too wide) in paragraph at lines 451--451
[]\OT1/cmtt/m/n/10 > ./velvetg output_directory/ -read_trkg yes  (... other par
ameters ...)[] 
 []


Overfull \hbox (32.9967pt too wide) in paragraph at lines 459--459
[]\OT1/cmtt/m/n/10 > ./velvetg output_directory/ -amos_file yes  (... other par
ameters ...)[] 
 []


Overfull \hbox (48.74657pt too wide) in paragraph at lines 489--489
[]\OT1/cmtt/m/n/10 > ./velvetg output_directory/  -unused_reads yes (... other 
parameters ...)[] 
 []


Overfull \hbox (5.18578pt too wide) in paragraph at lines 497--498
[]$[]$\OT1/cmr/m/n/10 . If set
 []

[12]
Overfull \hbox (59.24648pt too wide) in paragraph at lines 514--514
[]\OT1/cmtt/m/n/10 > ./velvetg output_directory/ -max_branch_length 200 (...oth
er parameters...)[] 
 []


Overfull \hbox (48.74657pt too wide) in paragraph at lines 522--522
[]\OT1/cmtt/m/n/10 > ./velvetg output_directory/ -max_divergence 0.33 (...other
 parameters...)[] 
 []


Overfull \hbox (27.74675pt too wide) in paragraph at lines 530--530
[]\OT1/cmtt/m/n/10 > ./velvetg output_directory/ -max_gap_count 5 (...other par
ameters...)[] 
 []

[13]
Overfull \hbox (38.24666pt too wide) in paragraph at lines 546--546
[]\OT1/cmtt/m/n/10 > ./velvetg output_directory/ -min_pair_count 20 (...other p
arameters...)[] 
 []


Overfull \hbox (38.24666pt too wide) in paragraph at lines 575--575
[]\OT1/cmtt/m/n/10 > ./shuffleSequences_fasta.pl forward_reads.fa reverse_reads
.fa output.fa[] 
 []

[14]
Overfull \hbox (8.06886pt too wide) in paragraph at lines 605--606
[]\OT1/cmr/m/n/10 The cov-er-ages in columns \OT1/cmr/m/it/10 short1[]cov\OT1/c
mr/m/n/10 , \OT1/cmr/m/it/10 short1[]Ocov\OT1/cmr/m/n/10 , \OT1/cmr/m/it/10 sho
rt2[]cov\OT1/cmr/m/n/10 , and \OT1/cmr/m/it/10 short2[]Ocov
 []

[15]
LaTeX Font Info:    Try loading font information for OMS+cmr on input line 619.

 (/usr/share/texmf/tex/latex/base/omscmr.fd
File: omscmr.fd 1999/05/25 v2.5h Standard LaTeX font definitions
)
LaTeX Font Info:    Font shape `OMS/cmr/m/n' in size <10> not available
(Font)              Font shape `OMS/cmsy/m/n' tried instead on input line 619.

Overfull \hbox (141.996pt too wide) in paragraph at lines 638--638
 []\OT1/cmtt/m/n/10 NODE    $NODE_ID    $NODE_LENGTH $COV_SHORT1   $O_COV_SHORT
1  $COV_SHORT2  $O_COV_SHORT2[] 
 []


Overfull \hbox (36.99692pt too wide) in paragraph at lines 656--656
 []\OT1/cmtt/m/n/10 $NODE_ID $OFFSET_FROM_START $START_COORD $END_COORD $OFFSET
_FROM_END[] 
 []

[16] [17] <./Suis_plot_1.pdf, id=367, 614.295pt x 505.89pt>
File: ./Suis_plot_1.pdf Graphic file (type pdf)

<use ./Suis_plot_1.pdf> <./suis_plot.pdf, id=368, 614.295pt x 505.89pt>
File: ./suis_plot.pdf Graphic file (type pdf)

<use ./suis_plot.pdf> [18 <./Suis_plot_1.pdf>] [19 <./suis_plot.pdf>]
Overfull \hbox (16.9262pt too wide) in paragraph at lines 768--769
[]\OT1/cmr/m/n/10 by Torsten See-man (torsten.seemann@infotech.monash.edu.au) 
 []

[20]
Overfull \hbox (47.5168pt too wide) in paragraph at lines 786--787
[]\OT1/cmr/m/n/10 by Eric Cabot (ecabot@wisc.edu) Pe-ter (pe-ter@maubp.freeserv
e.co.uk)
 []

[21] [22] (./Manual.aux)

LaTeX Warning: Label(s) may have changed. Rerun to get cross-references right.

 ) 
Here is how much of TeX's memory you used:
 2782 strings out of 94500
 37397 string characters out of 1176767
 88515 words of memory out of 1000000
 5855 multiletter control sequences out of 10000+50000
 9099 words of font info for 32 fonts, out of 500000 for 2000
 580 hyphenation exceptions out of 1000
 27i,6n,36p,647b,329s stack positions out of 1500i,500n,5000p,200000b,5000s
PDF statistics:
 622 PDF objects out of 300000
 94 named destinations out of 131072
 387 words of extra memory for PDF output out of 65536
</usr/share/texmf/fonts/type1/bluesky/cm/cmmi7.pfb></usr/share/texmf/fonts/ty
pe1/bluesky/cm/cmti10.pfb></usr/share/texmf/fonts/type1/bluesky/cm/cmsy10.pfb><
/usr/share/texmf/fonts/type1/bluesky/cm/cmmi10.pfb></usr/share/texmf/fonts/type
1/bluesky/cm/cmtt10.pfb></usr/share/texmf/fonts/type1/bluesky/cm/cmr10.pfb></us
r/share/texmf/fonts/type1/bluesky/cm/cmbx10.pfb></usr/share/texmf/fonts/type1/b
luesky/cm/cmbx12.pfb></usr/share/texmf/fonts/type1/bluesky/cm/cmr12.pfb></usr/s
hare/texmf/fonts/type1/bluesky/cm/cmr17.pfb>
Output written on Manual.pdf (22 pages, 444166 bytes).
